<?xml version="1.0" encoding="UTF-8"?>
<testng-results ignored="0" total="1" passed="1" failed="0" skipped="0">
  <reporter-output>
  </reporter-output>
  <suite started-at="2022-11-28T12:41:06Z" name="Default suite" finished-at="2022-11-28T12:41:13Z" duration-ms="6441">
    <groups>
    </groups>
    <test started-at="2022-11-28T12:41:06Z" name="Default test" finished-at="2022-11-28T12:41:13Z" duration-ms="6441">
      <class name="org.test.ng.Testng">
        <test-method is-config="true" signature="beforeClass()[pri:0, instance:org.test.ng.Testng@3f57bcad]" started-at="2022-11-28T12:41:06Z" name="beforeClass" finished-at="2022-11-28T12:41:10Z" duration-ms="3877" status="PASS">
          <reporter-output>
          </reporter-output>
        </test-method> <!-- beforeClass -->
        <test-method is-config="true" signature="beforeMethod()[pri:0, instance:org.test.ng.Testng@3f57bcad]" started-at="2022-11-28T12:41:10Z" name="beforeMethod" finished-at="2022-11-28T12:41:10Z" duration-ms="0" status="PASS">
          <reporter-output>
          </reporter-output>
        </test-method> <!-- beforeMethod -->
        <test-method signature="faceBook()[pri:0, instance:org.test.ng.Testng@3f57bcad]" started-at="2022-11-28T12:41:10Z" name="faceBook" finished-at="2022-11-28T12:41:12Z" duration-ms="2395" status="PASS">
          <reporter-output>
          </reporter-output>
        </test-method> <!-- faceBook -->
        <test-method is-config="true" signature="afterMethod()[pri:0, instance:org.test.ng.Testng@3f57bcad]" started-at="2022-11-28T12:41:12Z" name="afterMethod" finished-at="2022-11-28T12:41:12Z" duration-ms="1" status="PASS">
          <reporter-output>
          </reporter-output>
        </test-method> <!-- afterMethod -->
        <test-method is-config="true" signature="afterClass()[pri:0, instance:org.test.ng.Testng@3f57bcad]" started-at="2022-11-28T12:41:12Z" name="afterClass" finished-at="2022-11-28T12:41:13Z" duration-ms="148" status="PASS">
          <reporter-output>
          </reporter-output>
        </test-method> <!-- afterClass -->
      </class> <!-- org.test.ng.Testng -->
    </test> <!-- Default test -->
  </suite> <!-- Default suite -->
</testng-results>
